Arguments: 
  /usr/local/Cellar/node/7.10.0/bin/node /usr/local/bin/yarn install

PATH: 
  /personal2/react-components/react-boilerplate/node_modules/.bin:/Users/mgupta/.config/yarn/link/node_modules/.bin:/personal2/react-components/react-boilerplate/node_modules/.bin:/Users/mgupta/.config/yarn/link/node_modules/.bin:/usr/local/Cellar/node/7.10.0/lib/node_modules/npm/bin/node-gyp-bin:/usr/local/Cellar/node/7.10.0/bin/node_modules/npm/bin/node-gyp-bin:/usr/local/bin:/usr/bin:/bin:/usr/sbin:/sbin

Yarn version: 
  1.2.1

Node version: 
  7.10.0

Platform: 
  darwin x64

npm manifest: 
  {
    "name": "react-boilerplate",
    "version": "1.0.0",
    "description": "React Boilerplate",
    "main": "index.js",
    "scripts": {
      "dev": "cross-env NODE_ENV=development webpack-dev-server --progress --colors",
      "build": "cross-env NODE_ENV=production webpack",
      "prebuild": "flow",
      "flow": "flow",
      "setup": "npm install -g yarn && yarn install && flow-typed install",
      "update-flow-typed": "flow-typed install"
    },
    "author": "Mayank Gupta",
    "dependencies": {
      "react": "^15.6.0",
      "react-dom": "^15.3.2"
    },
    "devDependencies": {
      "babel-core": "^6.17.0",
      "babel-loader": "^7.1.0",
      "babel-plugin-react-html-attrs": "^2.0.0",
      "babel-plugin-transform-class-properties": "^6.23.0",
      "babel-plugin-transform-decorators-legacy": "^1.3.4",
      "babel-polyfill": "^6.23.0",
      "babel-preset-es2015": "^6.24.1",
      "babel-preset-es2016": "^6.24.1",
      "babel-preset-es2017": "^6.24.1",
      "babel-preset-react": "^6.24.1",
      "babel-preset-stage-0": "^6.24.1",
      "compression-webpack-plugin": "^0.3.2",
      "concurrently": "^3.4.0",
      "cross-env": "^5.0.0",
      "css-loader": "^0.28.4",
      "extract-text-webpack-plugin": "2.1.2",
      "flow": "^0.2.3",
      "flow-bin": "0.45.0",
      "flow-typed": "^2.1.2",
      "less": "^2.7.2",
      "less-loader": "^4.0.5",
      "node-sass": "^4.5.3",
      "sass-loader": "^6.0.6",
      "script-loader": "^0.7.0",
      "style-loader": "^0.18.2",
      "url-loader": "^0.5.7",
      "webpack": "^2.6.0",
      "webpack-dev-server": "^2.5.1"
    }
  }

yarn manifest: 
  No manifest

Lockfile: 
  No lockfile

Trace: 
  Error: connect ETIMEDOUT 104.16.60.173:443
      at Object.exports._errnoException (util.js:1050:11)
      at exports._exceptionWithHostPort (util.js:1073:20)
      at TCPConnectWrap.afterConnect [as oncomplete] (net.js:1093:14)
